<?xml version="1.0" encoding="UTF-8"?>
<!-- Generated by org.testng.reporters.JUnitReportReporter -->
<testsuite hostname="client9" failures="0" tests="11" name="runner.TestngRunner" time="137.103" errors="0" timestamp="2024-12-23T01:24:02 IST" skipped="0">
  <testcase classname="runner.TestngRunner" name="runScenario" time="11.171"/>
  <testcase classname="runner.TestngRunner" name="runScenario" time="13.410"/>
  <testcase classname="runner.TestngRunner" name="runScenario" time="12.716"/>
  <testcase classname="runner.TestngRunner" name="runScenario" time="10.655"/>
  <testcase classname="runner.TestngRunner" name="runScenario" time="12.453"/>
  <testcase classname="runner.TestngRunner" name="runScenario" time="11.449"/>
  <testcase classname="runner.TestngRunner" name="runScenario" time="10.464"/>
  <testcase classname="runner.TestngRunner" name="runScenario" time="10.739"/>
  <testcase classname="runner.TestngRunner" name="runScenario" time="10.564"/>
  <testcase classname="runner.TestngRunner" name="runScenario" time="21.919"/>
  <testcase classname="runner.TestngRunner" name="runScenario" time="11.563"/>
</testsuite> <!-- runner.TestngRunner -->
